<?xml version="1.0" encoding="UTF-8"?>
<!-- Generated by org.testng.reporters.JUnitReportReporter -->
<testsuite hostname="LAPTOP-AF2R86FI" failures="0" tests="1" name="com.qa.testscripts.TC_Search_001" time="6.060" errors="0" timestamp="2022-12-09T14:46:36 IST" skipped="0">
  <testcase classname="com.qa.testscripts.TC_Search_001" name="Search" time="6.060"/>
  <system-out/>
</testsuite> <!-- com.qa.testscripts.TC_Search_001 -->
